#
# A fatal error has been detected by the Java Runtime Environment:
#
#  EXCEPTION_ACCESS_VIOLATION (0xc0000005) at pc=0x00000267e9a41066, pid=6908, tid=13840
#
# JRE version: OpenJDK Runtime Environment Temurin-11.0.15+10 (11.0.15+10) (build 11.0.15+10)
# Java VM: OpenJDK 64-Bit Server VM Temurin-11.0.15+10 (11.0.15+10, mixed mode, tiered, compressed oops, g1 gc, windows-amd64)
# Problematic frame:
# C  [OpenAL64.dll+0x11066]
#
# No core dump will be written. Minidumps are not enabled by default on client versions of Windows
#
# If you would like to submit a bug report, please visit:
#   https://github.com/adoptium/adoptium-support/issues
# The crash happened outside the Java Virtual Machine in native code.
# See problematic frame for where to report the bug.
#

---------------  S U M M A R Y ------------

Command Line: -Duser.language=es_AR -Dfile.encoding=UTF-8 org.uqbar.project.wollok.launch.WollokLauncher -requestsPort 0 -eventsPort 0 -folder -dontValidate -wf src/program.wpgm

Host: Intel(R) Core(TM) i5-7500 CPU @ 3.40GHz, 4 cores, 7G,  Windows 10 , 64 bit Build 16299 (10.0.16299.15)
Time: Mon Sep 25 16:54:38 2023 Hora estándar de Argentina elapsed time: 2.251147 seconds (0d 0h 0m 2s)

---------------  T H R E A D  ---------------

Current thread (0x00000267c45ce000):  JavaThread "main" [_thread_in_native, id=13840, stack(0x000000900c900000,0x000000900ca00000)]

Stack: [0x000000900c900000,0x000000900ca00000],  sp=0x000000900c9fc200,  free space=1008k
Native frames: (J=compiled Java code, j=interpreted, Vv=VM code, C=native code)
C  [OpenAL64.dll+0x11066]

Java frames: (J=compiled Java code, j=interpreted, Vv=VM code)
j  org.lwjgl.openal.ALC10.nalcCreateContext(JJ)J+0
j  org.lwjgl.openal.ALC10.alcCreateContext(Lorg/lwjgl/openal/ALCdevice;Ljava/nio/IntBuffer;)Lorg/lwjgl/openal/ALCcontext;+8
j  org.lwjgl.openal.AL.init(Ljava/lang/String;IIZZ)V+69
j  org.lwjgl.openal.AL.create(Ljava/lang/String;IIZZ)V+246
j  org.lwjgl.openal.AL.create(Ljava/lang/String;IIZ)V+5
j  org.lwjgl.openal.AL.create()V+6
j  com.badlogic.gdx.backends.lwjgl.audio.OpenALAudio.<init>(III)V+114
j  com.badlogic.gdx.backends.lwjgl.LwjglApplication.<init>(Lcom/badlogic/gdx/ApplicationListener;Lcom/badlogic/gdx/backends/lwjgl/LwjglApplicationConfiguration;Lcom/badlogic/gdx/backends/lwjgl/LwjglGraphics;)V+120
j  com.badlogic.gdx.backends.lwjgl.LwjglApplication.<init>(Lcom/badlogic/gdx/ApplicationListener;Lcom/badlogic/gdx/backends/lwjgl/LwjglApplicationConfiguration;)V+11
j  org.uqbar.project.wollok.game.gameboard.WollokGDXApplication.<init>(Lorg/uqbar/project/wollok/game/gameboard/Gameboard;Ljava/lang/Boolean;)V+17
j  org.uqbar.project.wollok.game.helpers.Application.start(Lorg/uqbar/project/wollok/game/gameboard/Gameboard;Ljava/lang/Boolean;)V+5
j  org.uqbar.project.wollok.game.gameboard.Gameboard.start(Ljava/lang/Boolean;)V+13
j  wollok.game.GameObject.doStart(Ljava/lang/Boolean;)V+12
v  ~StubRoutines::call_stub
J 3429  jdk.internal.reflect.NativeMethodAccessorImpl.invoke0(Ljava/lang/reflect/Method;Ljava/lang/Object;[Ljava/lang/Object;)Ljava/lang/Object; java.base@11.0.15 (0 bytes) @ 0x00000267d6a80e3f [0x00000267d6a80dc0+0x000000000000007f]
J 3428 c1 jdk.internal.reflect.NativeMethodAccessorImpl.invoke(Ljava/lang/Object;[Ljava/lang/Object;)Ljava/lang/Object; java.base@11.0.15 (104 bytes) @ 0x00000267cfac943c [0x00000267cfac90c0+0x000000000000037c]
J 2922 c1 jdk.internal.reflect.DelegatingMethodAccessorImpl.invoke(Ljava/lang/Object;[Ljava/lang/Object;)Ljava/lang/Object; java.base@11.0.15 (10 bytes) @ 0x00000267cfa061bc [0x00000267cfa060c0+0x00000000000000fc]
J 2921 c1 java.lang.reflect.Method.invoke(Ljava/lang/Object;[Ljava/lang/Object;)Ljava/lang/Object; java.base@11.0.15 (65 bytes) @ 0x00000267cfa05c4c [0x00000267cfa05920+0x000000000000032c]
j  org.uqbar.project.wollok.ui.utils.XTendUtilExtensions.invokeConvertingArgs(Ljava/lang/reflect/Method;Ljava/lang/Object;[Ljava/lang/Object;)Lorg/uqbar/project/wollok/interpreter/core/WollokObject;+261
j  org.uqbar.project.wollok.interpreter.AbstractWollokCallable._invokeNative(Ljava/lang/Object;Ljava/lang/String;[Lorg/uqbar/project/wollok/interpreter/core/WollokObject;)Lorg/uqbar/project/wollok/interpreter/core/WollokObject;+41
j  org.uqbar.project.wollok.interpreter.AbstractWollokCallable.invokeNative(Ljava/lang/Object;Ljava/lang/String;[Lorg/uqbar/project/wollok/interpreter/core/WollokObject;)Lorg/uqbar/project/wollok/interpreter/core/WollokObject;+26
j  org.uqbar.project.wollok.interpreter.AbstractWollokCallable$1.apply()Lorg/uqbar/project/wollok/interpreter/core/WollokObject;+55
j  org.uqbar.project.wollok.interpreter.AbstractWollokCallable$1.apply()Ljava/lang/Object;+1
j  org.uqbar.project.wollok.interpreter.threads.WThread.performOnStack(Lorg/eclipse/emf/ecore/EObject;Lorg/uqbar/project/wollok/interpreter/context/EvaluationContext;Lorg/eclipse/xtext/xbase/lib/Functions$Function0;)Lorg/uqbar/project/wollok/interpreter/core/WollokObject;+29
j  org.uqbar.project.wollok.interpreter.WollokInterpreter.performOnStack(Lorg/eclipse/emf/ecore/EObject;Lorg/uqbar/project/wollok/interpreter/context/EvaluationContext;Lorg/eclipse/xtext/xbase/lib/Functions$Function0;)Lorg/uqbar/project/wollok/interpreter/core/WollokObject;+7
j  org.uqbar.project.wollok.interpreter.AbstractWollokCallable.call(Lorg/uqbar/project/wollok/wollokDsl/WMethodDeclaration;[Lorg/uqbar/project/wollok/interpreter/core/WollokObject;)Lorg/uqbar/project/wollok/interpreter/core/WollokObject;+38
j  org.uqbar.project.wollok.interpreter.core.WollokObject.call(Ljava/lang/String;[Lorg/uqbar/project/wollok/interpreter/core/WollokObject;)Lorg/uqbar/project/wollok/interpreter/core/WollokObject;+55
j  org.uqbar.project.wollok.interpreter.WollokInterpreterEvaluator._evaluate(Lorg/uqbar/project/wollok/wollokDsl/WFeatureCall;)Lorg/uqbar/project/wollok/interpreter/core/WollokObject;+119
j  org.uqbar.project.wollok.launch.WollokLauncherInterpreterEvaluator.evaluate(Lorg/eclipse/emf/ecore/EObject;)Lorg/uqbar/project/wollok/interpreter/core/WollokObject;+412
J 3439 c1 org.uqbar.project.wollok.interpreter.WollokInterpreterEvaluator.evaluate(Lorg/eclipse/emf/ecore/EObject;)Ljava/lang/Object; (6 bytes) @ 0x00000267cfaced24 [0x00000267cfacecc0+0x0000000000000064]
j  org.uqbar.project.wollok.interpreter.WollokInterpreter.eval(Lorg/eclipse/emf/ecore/EObject;)Lorg/uqbar/project/wollok/interpreter/core/WollokObject;+63
j  org.uqbar.project.wollok.interpreter.WollokInterpreterEvaluator.eval(Lorg/eclipse/emf/ecore/EObject;)Lorg/uqbar/project/wollok/interpreter/core/WollokObject;+5
j  org.uqbar.project.wollok.interpreter.WollokInterpreterEvaluator$1.apply(Lorg/uqbar/project/wollok/interpreter/core/WollokObject;Lorg/eclipse/emf/ecore/EObject;)Lorg/uqbar/project/wollok/interpreter/core/WollokObject;+5
j  org.uqbar.project.wollok.interpreter.WollokInterpreterEvaluator$1.apply(Ljava/lang/Object;Ljava/lang/Object;)Ljava/lang/Object;+9
j  org.eclipse.xtext.xbase.lib.IteratorExtensions.fold(Ljava/util/Iterator;Ljava/lang/Object;Lorg/eclipse/xtext/xbase/lib/Functions$Function2;)Ljava/lang/Object;+19
j  org.eclipse.xtext.xbase.lib.IterableExtensions.fold(Ljava/lang/Iterable;Ljava/lang/Object;Lorg/eclipse/xtext/xbase/lib/Functions$Function2;)Ljava/lang/Object;+8
j  org.uqbar.project.wollok.interpreter.WollokInterpreterEvaluator.evalAll(Ljava/lang/Iterable;)Lorg/uqbar/project/wollok/interpreter/core/WollokObject;+12
j  org.uqbar.project.wollok.interpreter.WollokInterpreterEvaluator._evaluate(Lorg/uqbar/project/wollok/wollokDsl/WBlockExpression;)Lorg/uqbar/project/wollok/interpreter/core/WollokObject;+34
j  org.uqbar.project.wollok.launch.WollokLauncherInterpreterEvaluator.evaluate(Lorg/eclipse/emf/ecore/EObject;)Lorg/uqbar/project/wollok/interpreter/core/WollokObject;+76
J 3439 c1 org.uqbar.project.wollok.interpreter.WollokInterpreterEvaluator.evaluate(Lorg/eclipse/emf/ecore/EObject;)Ljava/lang/Object; (6 bytes) @ 0x00000267cfaced24 [0x00000267cfacecc0+0x0000000000000064]
j  org.uqbar.project.wollok.interpreter.WollokInterpreter.eval(Lorg/eclipse/emf/ecore/EObject;)Lorg/uqbar/project/wollok/interpreter/core/WollokObject;+63
j  org.uqbar.project.wollok.interpreter.AbstractWollokCallable.eval(Lorg/eclipse/emf/ecore/EObject;)Lorg/uqbar/project/wollok/interpreter/core/WollokObject;+5
j  org.uqbar.project.wollok.interpreter.AbstractWollokCallable$1.apply()Lorg/uqbar/project/wollok/interpreter/core/WollokObject;+110
j  org.uqbar.project.wollok.interpreter.AbstractWollokCallable$1.apply()Ljava/lang/Object;+1
j  org.uqbar.project.wollok.interpreter.threads.WThread.performOnStack(Lorg/eclipse/emf/ecore/EObject;Lorg/uqbar/project/wollok/interpreter/context/EvaluationContext;Lorg/eclipse/xtext/xbase/lib/Functions$Function0;)Lorg/uqbar/project/wollok/interpreter/core/WollokObject;+29
j  org.uqbar.project.wollok.interpreter.WollokInterpreter.performOnStack(Lorg/eclipse/emf/ecore/EObject;Lorg/uqbar/project/wollok/interpreter/context/EvaluationContext;Lorg/eclipse/xtext/xbase/lib/Functions$Function0;)Lorg/uqbar/project/wollok/interpreter/core/WollokObject;+7
j  org.uqbar.project.wollok.interpreter.AbstractWollokCallable.call(Lorg/uqbar/project/wollok/wollokDsl/WMethodDeclaration;[Lorg/uqbar/project/wollok/interpreter/core/WollokObject;)Lorg/uqbar/project/wollok/interpreter/core/WollokObject;+38
j  org.uqbar.project.wollok.interpreter.core.WollokObject.call(Ljava/lang/String;[Lorg/uqbar/project/wollok/interpreter/core/WollokObject;)Lorg/uqbar/project/wollok/interpreter/core/WollokObject;+55
j  org.uqbar.project.wollok.interpreter.WollokInterpreterEvaluator._evaluate(Lorg/uqbar/project/wollok/wollokDsl/WFeatureCall;)Lorg/uqbar/project/wollok/interpreter/core/WollokObject;+119
j  org.uqbar.project.wollok.launch.WollokLauncherInterpreterEvaluator.evaluate(Lorg/eclipse/emf/ecore/EObject;)Lorg/uqbar/project/wollok/interpreter/core/WollokObject;+412
J 3439 c1 org.uqbar.project.wollok.interpreter.WollokInterpreterEvaluator.evaluate(Lorg/eclipse/emf/ecore/EObject;)Ljava/lang/Object; (6 bytes) @ 0x00000267cfaced24 [0x00000267cfacecc0+0x0000000000000064]
j  org.uqbar.project.wollok.interpreter.WollokInterpreter.eval(Lorg/eclipse/emf/ecore/EObject;)Lorg/uqbar/project/wollok/interpreter/core/WollokObject;+63
j  org.uqbar.project.wollok.interpreter.WollokInterpreterEvaluator.eval(Lorg/eclipse/emf/ecore/EObject;)Lorg/uqbar/project/wollok/interpreter/core/WollokObject;+5
j  org.uqbar.project.wollok.interpreter.WollokInterpreterEvaluator$1.apply(Lorg/uqbar/project/wollok/interpreter/core/WollokObject;Lorg/eclipse/emf/ecore/EObject;)Lorg/uqbar/project/wollok/interpreter/core/WollokObject;+5
j  org.uqbar.project.wollok.interpreter.WollokInterpreterEvaluator$1.apply(Ljava/lang/Object;Ljava/lang/Object;)Ljava/lang/Object;+9
j  org.eclipse.xtext.xbase.lib.IteratorExtensions.fold(Ljava/util/Iterator;Ljava/lang/Object;Lorg/eclipse/xtext/xbase/lib/Functions$Function2;)Ljava/lang/Object;+19
j  org.eclipse.xtext.xbase.lib.IterableExtensions.fold(Ljava/lang/Iterable;Ljava/lang/Object;Lorg/eclipse/xtext/xbase/lib/Functions$Function2;)Ljava/lang/Object;+8
j  org.uqbar.project.wollok.interpreter.WollokInterpreterEvaluator.evalAll(Ljava/lang/Iterable;)Lorg/uqbar/project/wollok/interpreter/core/WollokObject;+12
j  org.uqbar.project.wollok.interpreter.WollokInterpreterEvaluator._evaluate(Lorg/uqbar/project/wollok/wollokDsl/WBlockExpression;)Lorg/uqbar/project/wollok/interpreter/core/WollokObject;+34
j  org.uqbar.project.wollok.launch.WollokLauncherInterpreterEvaluator.evaluate(Lorg/eclipse/emf/ecore/EObject;)Lorg/uqbar/project/wollok/interpreter/core/WollokObject;+76
j  org.uqbar.project.wollok.interpreter.WollokInterpreterEvaluator.evaluate(Lorg/eclipse/emf/ecore/EObject;)Ljava/lang/Object;+2
j  org.uqbar.project.wollok.interpreter.WollokInterpreter.eval(Lorg/eclipse/emf/ecore/EObject;)Lorg/uqbar/project/wollok/interpreter/core/WollokObject;+63
j  org.uqbar.project.wollok.interpreter.AbstractWollokCallable.eval(Lorg/eclipse/emf/ecore/EObject;)Lorg/uqbar/project/wollok/interpreter/core/WollokObject;+5
j  org.uqbar.project.wollok.interpreter.AbstractWollokCallable$1.apply()Lorg/uqbar/project/wollok/interpreter/core/WollokObject;+110
j  org.uqbar.project.wollok.interpreter.AbstractWollokCallable$1.apply()Ljava/lang/Object;+1
j  org.uqbar.project.wollok.interpreter.threads.WThread.performOnStack(Lorg/eclipse/emf/ecore/EObject;Lorg/uqbar/project/wollok/interpreter/context/EvaluationContext;Lorg/eclipse/xtext/xbase/lib/Functions$Function0;)Lorg/uqbar/project/wollok/interpreter/core/WollokObject;+29
j  org.uqbar.project.wollok.interpreter.WollokInterpreter.performOnStack(Lorg/eclipse/emf/ecore/EObject;Lorg/uqbar/project/wollok/interpreter/context/EvaluationContext;Lorg/eclipse/xtext/xbase/lib/Functions$Function0;)Lorg/uqbar/project/wollok/interpreter/core/WollokObject;+7
j  org.uqbar.project.wollok.interpreter.AbstractWollokCallable.call(Lorg/uqbar/project/wollok/wollokDsl/WMethodDeclaration;[Lorg/uqbar/project/wollok/interpreter/core/WollokObject;)Lorg/uqbar/project/wollok/interpreter/core/WollokObject;+38
j  org.uqbar.project.wollok.interpreter.core.WollokObject.call(Ljava/lang/String;[Lorg/uqbar/project/wollok/interpreter/core/WollokObject;)Lorg/uqbar/project/wollok/interpreter/core/WollokObject;+55
j  org.uqbar.project.wollok.interpreter.WollokInterpreterEvaluator._evaluate(Lorg/uqbar/project/wollok/wollokDsl/WFeatureCall;)Lorg/uqbar/project/wollok/interpreter/core/WollokObject;+119
j  org.uqbar.project.wollok.launch.WollokLauncherInterpreterEvaluator.evaluate(Lorg/eclipse/emf/ecore/EObject;)Lorg/uqbar/project/wollok/interpreter/core/WollokObject;+412
j  org.uqbar.project.wollok.interpreter.WollokInterpreterEvaluator.evaluate(Lorg/eclipse/emf/ecore/EObject;)Ljava/lang/Object;+2
j  org.uqbar.project.wollok.interpreter.WollokInterpreter.eval(Lorg/eclipse/emf/ecore/EObject;)Lorg/uqbar/project/wollok/interpreter/core/WollokObject;+63
j  org.uqbar.project.wollok.interpreter.WollokInterpreterEvaluator.eval(Lorg/eclipse/emf/ecore/EObject;)Lorg/uqbar/project/wollok/interpreter/core/WollokObject;+5
j  org.uqbar.project.wollok.interpreter.WollokInterpreterEvaluator$1.apply(Lorg/uqbar/project/wollok/interpreter/core/WollokObject;Lorg/eclipse/emf/ecore/EObject;)Lorg/uqbar/project/wollok/interpreter/core/WollokObject;+5
j  org.uqbar.project.wollok.interpreter.WollokInterpreterEvaluator$1.apply(Ljava/lang/Object;Ljava/lang/Object;)Ljava/lang/Object;+9
j  org.eclipse.xtext.xbase.lib.IteratorExtensions.fold(Ljava/util/Iterator;Ljava/lang/Object;Lorg/eclipse/xtext/xbase/lib/Functions$Function2;)Ljava/lang/Object;+19
j  org.eclipse.xtext.xbase.lib.IterableExtensions.fold(Ljava/lang/Iterable;Ljava/lang/Object;Lorg/eclipse/xtext/xbase/lib/Functions$Function2;)Ljava/lang/Object;+8
j  org.uqbar.project.wollok.interpreter.WollokInterpreterEvaluator.evalAll(Ljava/lang/Iterable;)Lorg/uqbar/project/wollok/interpreter/core/WollokObject;+12
j  org.uqbar.project.wollok.interpreter.WollokInterpreterEvaluator._evaluate(Lorg/uqbar/project/wollok/wollokDsl/WProgram;)Lorg/uqbar/project/wollok/interpreter/core/WollokObject;+18
j  org.uqbar.project.wollok.launch.WollokLauncherInterpreterEvaluator.evaluate(Lorg/eclipse/emf/ecore/EObject;)Lorg/uqbar/project/wollok/interpreter/core/WollokObject;+444
j  org.uqbar.project.wollok.interpreter.WollokInterpreterEvaluator.evaluate(Lorg/eclipse/emf/ecore/EObject;)Ljava/lang/Object;+2
j  org.uqbar.project.wollok.interpreter.WollokInterpreter.eval(Lorg/eclipse/emf/ecore/EObject;)Lorg/uqbar/project/wollok/interpreter/core/WollokObject;+63
j  org.uqbar.project.wollok.interpreter.WollokInterpreterEvaluator.eval(Lorg/eclipse/emf/ecore/EObject;)Lorg/uqbar/project/wollok/interpreter/core/WollokObject;+5
j  org.uqbar.project.wollok.launch.WollokLauncherInterpreterEvaluator._evaluate(Lorg/uqbar/project/wollok/wollokDsl/WFile;)Lorg/uqbar/project/wollok/interpreter/core/WollokObject;+32
j  org.uqbar.project.wollok.launch.WollokLauncherInterpreterEvaluator.evaluate(Lorg/eclipse/emf/ecore/EObject;)Lorg/uqbar/project/wollok/interpreter/core/WollokObject;+428
j  org.uqbar.project.wollok.interpreter.WollokInterpreterEvaluator.evaluate(Lorg/eclipse/emf/ecore/EObject;)Ljava/lang/Object;+2
j  org.uqbar.project.wollok.interpreter.WollokInterpreter.interpret(Lorg/eclipse/emf/ecore/EObject;Ljava/lang/Boolean;)Lorg/uqbar/project/wollok/interpreter/core/WollokObject;+25
j  org.uqbar.project.wollok.interpreter.WollokInterpreter.interpret(Lorg/eclipse/emf/ecore/EObject;)Lorg/uqbar/project/wollok/interpreter/core/WollokObject;+8
j  org.uqbar.project.wollok.launch.WollokLauncher.doSomething(Lorg/uqbar/project/wollok/wollokDsl/WFile;Lcom/google/inject/Injector;Ljava/io/File;Lorg/uqbar/project/wollok/launch/WollokLauncherParameters;)V+109
j  org.uqbar.project.wollok.launch.WollokChecker.launch(Ljava/lang/String;Lorg/uqbar/project/wollok/launch/WollokLauncherParameters;)V+31
j  org.uqbar.project.wollok.launch.WollokChecker.doMain([Ljava/lang/String;)V+205
j  org.uqbar.project.wollok.launch.WollokLauncher.main([Ljava/lang/String;)V+8
v  ~StubRoutines::call_stub

siginfo: EXCEPTION_ACCESS_VIOLATION (0xc0000005), reading address 0x00000267e708b004


Register to memory mapping:

RIP=0x00000267e9a41066 OpenAL64.dll
RAX=0x0000000000000004 is an unknown value
RBX=0x00000267e9af0090 points into unknown readable memory: 0x0000000100000002 | 02 00 00 00 01 00 00 00
RCX=0x00000267e708b008 is an unknown value
RDX=0x00000267e708b004 is an unknown value
RSP=0x000000900c9fc200 is pointing into the stack for thread: 0x00000267c45ce000
RBP=0x00000000000000ff is an unknown value
RSI=0x00000267e708af7c points into unknown readable memory: 43 65 6c 6c
RDI=0x0 is NULL
R8 =0x0000000000000022 is an unknown value
R9 =0x00000267e708af7c points into unknown readable memory: 43 65 6c 6c
R10=0x00000267cee6f6a8 is at code_begin+1000 in an Interpreter codelet
method entry point (kind = native)  [0x00000267cee6f2c0, 0x00000267cee6fd60]  2720 bytes
R11=0x00000000892e1de0 is an oop: java.lang.Class 
{0x00000000892e1de0} - klass: 'java/lang/Class'
R12=0x0000000000000001 is an unknown value
R13={method} {0x00000267e93e9810} 'nalcCreateContext' '(JJ)J' in 'org/lwjgl/openal/ALC10'
R14=0x000000900c9fc3a0 is pointing into the stack for thread: 0x00000267c45ce000
R15=0x00000267c45ce000 is a thread


Registers:
RAX=0x0000000000000004, RBX=0x00000267e9af0090, RCX=0x00000267e708b008, RDX=0x00000267e708b004
RSP=0x000000900c9fc200, RBP=0x00000000000000ff, RSI=0x00000267e708af7c, RDI=0x0000000000000000
R8 =0x0000000000000022, R9 =0x00000267e708af7c, R10=0x00000267cee6f6a8, R11=0x00000000892e1de0
R12=0x0000000000000001, R13=0x00000267e93e9808, R14=0x000000900c9fc3a0, R15=0x00000267c45ce000
RIP=0x00000267e9a41066, EFLAGS=0x0000000000010202

Top of Stack: (sp=0x000000900c9fc200)
0x000000900c9fc200:   0000000200000004 0000000000000002
0x000000900c9fc210:   00000267c67157e0 0000002800000003
0x000000900c9fc220:   00000267c45ce000 000000900c9fc3a0
0x000000900c9fc230:   00000267e93e9808 00007fff754aed05
0x000000900c9fc240:   0000000000000000 00000000000001f0
0x000000900c9fc250:   00000267c45ce000 00000267c45ce000
0x000000900c9fc260:   0000000000000000 00007fff75236b2c
0x000000900c9fc270:   00000267c45ce000 000000900c9fc3a0
0x000000900c9fc280:   00000267e93e9808 0000000000000000
0x000000900c9fc290:   00000267e708af7c 00000000000001f0
0x000000900c9fc2a0:   000000900c9fc368 00000267e9a4248f
0x000000900c9fc2b0:   00000267e9af0090 00000267e9af0090
0x000000900c9fc2c0:   000002670000ac44 0000000000000004
0x000000900c9fc2d0:   0000000000000000 00000267cee6f6d7
0x000000900c9fc2e0:   00000267e93e9808 00000267cee6f3bc
0x000000900c9fc2f0:   00000267e93e9808 000000900c9fc368 

Instructions: (pc=0x00000267e9a41066)
0x00000267e9a40f66:   b0 00 00 00 0f ba a3 fc 00 00 00 1f 44 89 9c 24
0x00000267e9a40f76:   b0 00 00 00 73 15 48 8b 83 f8 61 01 00 48 8b cb
0x00000267e9a40f86:   ff 50 20 44 8b 9c 24 b0 00 00 00 0f ba b3 fc 00
0x00000267e9a40f96:   00 00 1f 44 89 7b 38 44 89 6b 44 44 89 73 48 e9
0x00000267e9a40fa6:   56 01 00 00 83 3d 4f 94 04 00 02 0f 8c 8e fe ff
0x00000267e9a40fb6:   ff 4c 8d 05 a2 2c 03 00 e9 6f fe ff ff 48 3b d7
0x00000267e9a40fc6:   0f 84 3f 01 00 00 39 3a 0f 84 37 01 00 00 0f ba
0x00000267e9a40fd6:   a1 fc 00 00 00 1f 73 0a 48 8b 81 f8 61 01 00 ff
0x00000267e9a40fe6:   50 20 8b 43 38 0f ba b3 fc 00 00 00 1f 8b 6b 64
0x00000267e9a40ff6:   44 8b 63 68 89 84 24 c0 00 00 00 8b 43 6c 89 84
0x00000267e9a41006:   24 c8 00 00 00 4c 8b c7 39 3e 74 58 48 8b d6 48
0x00000267e9a41016:   8d 4e 04 81 3a 07 10 00 00 75 10 8b 01 83 8b fc
0x00000267e9a41026:   00 00 00 02 89 84 24 c0 00 00 00 81 3a 11 10 00
0x00000267e9a41036:   00 75 10 8b 6b 5c 44 8b 21 44 3b e5 44 0f 47 e5
0x00000267e9a41046:   41 2b ec 81 3a 03 00 02 00 75 09 8b 01 89 84 24
0x00000267e9a41056:   c8 00 00 00 49 83 c0 02 48 83 c1 08 4a 8d 14 86
0x00000267e9a41066:   39 3a 75 af 4c 8d 84 24 c0 00 00 00 48 8d 15 d7
0x00000267e9a41076:   2b 03 00 33 c9 e8 58 5f 00 00 b8 40 1f 00 00 4c
0x00000267e9a41086:   8d 84 24 c8 00 00 00 39 84 24 c0 00 00 00 48 8d
0x00000267e9a41096:   15 e9 2b 03 00 0f 47 84 24 c0 00 00 00 33 c9 89
0x00000267e9a410a6:   84 24 c0 00 00 00 e8 27 5f 00 00 8b 43 3c 44 8b
0x00000267e9a410b6:   84 24 c0 00 00 00 8b 4b 38 41 bb 04 00 00 00 44
0x00000267e9a410c6:   39 9c 24 c8 00 00 00 44 0f 42 9c 24 c8 00 00 00
0x00000267e9a410d6:   33 d2 44 89 9c 24 c8 00 00 00 49 0f af c0 48 f7
0x00000267e9a410e6:   f1 89 43 3c f6 05 43 b6 04 00 01 74 09 83 c0 03
0x00000267e9a410f6:   83 e0 fc 89 43 3c 44 89 43 38 44 89 5b 6c 44 89
0x00000267e9a41106:   63 68 89 6b 64 44 8b 9b fc 00 00 00 41 0f ba e3
0x00000267e9a41116:   1f 0f 82 6a 05 00 00 44 8b 6b 38 8b 6b 44 44 8b
0x00000267e9a41126:   63 48 41 bf 03 00 00 00 48 8d 35 5b 2b 03 00 4c
0x00000267e9a41136:   8d 35 80 dc 02 00 44 39 3d bd 92 04 00 0f 8c 81
0x00000267e9a41146:   00 00 00 4c 8d 15 88 28 03 00 4c 8d 35 f5 2a 03
0x00000267e9a41156:   00 41 f6 c3 02 4d 8b ca 41 8b cc 4d 0f 45 ce e8 


Stack slot to memory mapping:
stack at sp + 0 slots: 0x0000000200000004 is an unknown value
stack at sp + 1 slots: 0x0000000000000002 is an unknown value
stack at sp + 2 slots: 0x00000267c67157e0 points into unknown readable memory: 0x6e616c2e6176616a | 6a 61 76 61 2e 6c 61 6e
stack at sp + 3 slots: 0x0000002800000003 is an unknown value
stack at sp + 4 slots: 0x00000267c45ce000 is a thread
stack at sp + 5 slots: 0x000000900c9fc3a0 is pointing into the stack for thread: 0x00000267c45ce000
stack at sp + 6 slots: {method} {0x00000267e93e9810} 'nalcCreateContext' '(JJ)J' in 'org/lwjgl/openal/ALC10'
stack at sp + 7 slots: 0x00007fff754aed05 jvm.dll


---------------  P R O C E S S  ---------------

Threads class SMR info:
_java_thread_list=0x00000267e60f57b0, length=13, elements={
0x00000267c45ce000, 0x00000267e4e87800, 0x00000267e4eb4000, 0x00000267e5822800,
0x00000267e4ebf000, 0x00000267e4ec1000, 0x00000267e4ec4000, 0x00000267e5827800,
0x00000267e582a800, 0x00000267e599c800, 0x00000267e5a53800, 0x00000267e62bf800,
0x00000267e62b9000
}

Java Threads: ( => current thread )
=>0x00000267c45ce000 JavaThread "main" [_thread_in_native, id=13840, stack(0x000000900c900000,0x000000900ca00000)]
  0x00000267e4e87800 JavaThread "Reference Handler" daemon [_thread_blocked, id=12388, stack(0x000000900d000000,0x000000900d100000)]
  0x00000267e4eb4000 JavaThread "Finalizer" daemon [_thread_blocked, id=6872, stack(0x000000900d100000,0x000000900d200000)]
  0x00000267e5822800 JavaThread "Signal Dispatcher" daemon [_thread_blocked, id=820, stack(0x000000900d200000,0x000000900d300000)]
  0x00000267e4ebf000 JavaThread "Attach Listener" daemon [_thread_blocked, id=7000, stack(0x000000900d300000,0x000000900d400000)]
  0x00000267e4ec1000 JavaThread "Service Thread" daemon [_thread_blocked, id=12376, stack(0x000000900d400000,0x000000900d500000)]
  0x00000267e4ec4000 JavaThread "C2 CompilerThread0" daemon [_thread_blocked, id=9860, stack(0x000000900d500000,0x000000900d600000)]
  0x00000267e5827800 JavaThread "C1 CompilerThread0" daemon [_thread_blocked, id=1492, stack(0x000000900d600000,0x000000900d700000)]
  0x00000267e582a800 JavaThread "Sweeper thread" daemon [_thread_blocked, id=6564, stack(0x000000900d700000,0x000000900d800000)]
  0x00000267e599c800 JavaThread "Common-Cleaner" daemon [_thread_blocked, id=9076, stack(0x000000900d900000,0x000000900da00000)]
  0x00000267e5a53800 JavaThread "C2 CompilerThread1" daemon [_thread_blocked, id=11636, stack(0x000000900db00000,0x000000900dc00000)]
  0x00000267e62bf800 JavaThread "EMF Reference Cleaner" daemon [_thread_blocked, id=5856, stack(0x000000900de00000,0x000000900df00000)]
  0x00000267e62b9000 JavaThread "com.google.inject.internal.util.$Finalizer" daemon [_thread_blocked, id=6324, stack(0x000000900df00000,0x000000900e000000)]

Other Threads:
  0x00000267e4e83800 VMThread "VM Thread" [stack: 0x000000900cf00000,0x000000900d000000] [id=1732]
  0x00000267e5990800 WatcherThread [stack: 0x000000900d800000,0x000000900d900000] [id=14952]
  0x00000267c672c800 GCTaskThread "GC Thread#0" [stack: 0x000000900ca00000,0x000000900cb00000] [id=4532]
  0x00000267e6327000 GCTaskThread "GC Thread#1" [stack: 0x000000900dc00000,0x000000900dd00000] [id=9624]
  0x00000267e5ef0800 GCTaskThread "GC Thread#2" [stack: 0x000000900dd00000,0x000000900de00000] [id=9332]
  0x00000267c675f000 ConcurrentGCThread "G1 Main Marker" [stack: 0x000000900cb00000,0x000000900cc00000] [id=8436]
  0x00000267c6760800 ConcurrentGCThread "G1 Conc#0" [stack: 0x000000900cc00000,0x000000900cd00000] [id=13140]
  0x00000267e4ce8800 ConcurrentGCThread "G1 Refine#0" [stack: 0x000000900cd00000,0x000000900ce00000] [id=7052]
  0x00000267e4ced000 ConcurrentGCThread "G1 Young RemSet Sampling" [stack: 0x000000900ce00000,0x000000900cf00000] [id=3716]

Threads with active compile tasks:

VM state:not at safepoint (normal execution)

VM Mutex/Monitor currently owned by a thread: None

Heap address: 0x0000000081a00000, size: 2022 MB, Compressed Oops mode: 32-bit
Narrow klass base: 0x0000000000000000, Narrow klass shift: 3
Compressed class space size: 1073741824 Address: 0x0000000100000000

Heap:
 garbage-first heap   total 131072K, used 28957K [0x0000000081a00000, 0x0000000100000000)
  region size 1024K, 14 young (14336K), 5 survivors (5120K)
 Metaspace       used 26408K, capacity 26702K, committed 27008K, reserved 1073152K
  class space    used 2968K, capacity 3074K, committed 3200K, reserved 1048576K
Heap Regions: E=young(eden), S=young(survivor), O=old, HS=humongous(starts), HC=humongous(continues), CS=collection set, F=free, A=archive, TAMS=top-at-mark-start (previous, next)
|   0|0x0000000081a00000, 0x0000000081b00000, 0x0000000081b00000|100%| O|  |TAMS 0x0000000081b00000, 0x0000000081a00000| Untracked 
|   1|0x0000000081b00000, 0x0000000081c00000, 0x0000000081c00000|100%| O|  |TAMS 0x0000000081c00000, 0x0000000081b00000| Untracked 
|   2|0x0000000081c00000, 0x0000000081d00000, 0x0000000081d00000|100%| O|  |TAMS 0x0000000081d00000, 0x0000000081c00000| Untracked 
|   3|0x0000000081d00000, 0x0000000081e00000, 0x0000000081e00000|100%| O|  |TAMS 0x0000000081e00000, 0x0000000081d00000| Untracked 
|   4|0x0000000081e00000, 0x0000000081f00000, 0x0000000081f00000|100%| O|  |TAMS 0x0000000081f00000, 0x0000000081e00000| Untracked 
|   5|0x0000000081f00000, 0x0000000082000000, 0x0000000082000000|100%| O|  |TAMS 0x0000000082000000, 0x0000000081f00000| Untracked 
|   6|0x0000000082000000, 0x0000000082100000, 0x0000000082100000|100%| O|  |TAMS 0x0000000082100000, 0x0000000082000000| Untracked 
|   7|0x0000000082100000, 0x0000000082200000, 0x0000000082200000|100%| O|  |TAMS 0x0000000082200000, 0x0000000082100000| Untracked 
|   8|0x0000000082200000, 0x0000000082300000, 0x0000000082300000|100%| O|  |TAMS 0x0000000082300000, 0x0000000082200000| Untracked 
|   9|0x0000000082300000, 0x0000000082400000, 0x0000000082400000|100%| O|  |TAMS 0x0000000082400000, 0x0000000082300000| Untracked 
|  10|0x0000000082400000, 0x0000000082500000, 0x0000000082500000|100%| O|  |TAMS 0x0000000082500000, 0x0000000082400000| Untracked 
|  11|0x0000000082500000, 0x0000000082600000, 0x0000000082600000|100%| O|  |TAMS 0x0000000082600000, 0x0000000082500000| Untracked 
|  12|0x0000000082600000, 0x0000000082700000, 0x0000000082700000|100%| O|  |TAMS 0x0000000082700000, 0x0000000082600000| Untracked 
|  13|0x0000000082700000, 0x0000000082800000, 0x0000000082800000|100%| O|  |TAMS 0x0000000082800000, 0x0000000082700000| Untracked 
|  14|0x0000000082800000, 0x0000000082900000, 0x0000000082900000|100%| O|  |TAMS 0x0000000082900000, 0x0000000082800000| Untracked 
|  15|0x0000000082900000, 0x00000000829ff200, 0x0000000082a00000| 99%| O|  |TAMS 0x00000000829ff200, 0x0000000082900000| Untracked 
|  16|0x0000000082a00000, 0x0000000082a00000, 0x0000000082b00000|  0%| F|  |TAMS 0x0000000082a00000, 0x0000000082a00000| Untracked 
|  17|0x0000000082b00000, 0x0000000082b00000, 0x0000000082c00000|  0%| F|  |TAMS 0x0000000082b00000, 0x0000000082b00000| Untracked 
|  18|0x0000000082c00000, 0x0000000082c00000, 0x0000000082d00000|  0%| F|  |TAMS 0x0000000082c00000, 0x0000000082c00000| Untracked 
|  19|0x0000000082d00000, 0x0000000082d00000, 0x0000000082e00000|  0%| F|  |TAMS 0x0000000082d00000, 0x0000000082d00000| Untracked 
|  20|0x0000000082e00000, 0x0000000082e00000, 0x0000000082f00000|  0%| F|  |TAMS 0x0000000082e00000, 0x0000000082e00000| Untracked 
|  21|0x0000000082f00000, 0x0000000082f00000, 0x0000000083000000|  0%| F|  |TAMS 0x0000000082f00000, 0x0000000082f00000| Untracked 
|  22|0x0000000083000000, 0x0000000083000000, 0x0000000083100000|  0%| F|  |TAMS 0x0000000083000000, 0x0000000083000000| Untracked 
|  23|0x0000000083100000, 0x0000000083100000, 0x0000000083200000|  0%| F|  |TAMS 0x0000000083100000, 0x0000000083100000| Untracked 
|  24|0x0000000083200000, 0x0000000083200000, 0x0000000083300000|  0%| F|  |TAMS 0x0000000083200000, 0x0000000083200000| Untracked 
|  25|0x0000000083300000, 0x0000000083300000, 0x0000000083400000|  0%| F|  |TAMS 0x0000000083300000, 0x0000000083300000| Untracked 
|  26|0x0000000083400000, 0x0000000083400000, 0x0000000083500000|  0%| F|  |TAMS 0x0000000083400000, 0x0000000083400000| Untracked 
|  27|0x0000000083500000, 0x0000000083500000, 0x0000000083600000|  0%| F|  |TAMS 0x0000000083500000, 0x0000000083500000| Untracked 
|  28|0x0000000083600000, 0x0000000083600000, 0x0000000083700000|  0%| F|  |TAMS 0x0000000083600000, 0x0000000083600000| Untracked 
|  29|0x0000000083700000, 0x0000000083700000, 0x0000000083800000|  0%| F|  |TAMS 0x0000000083700000, 0x0000000083700000| Untracked 
|  30|0x0000000083800000, 0x0000000083800000, 0x0000000083900000|  0%| F|  |TAMS 0x0000000083800000, 0x0000000083800000| Untracked 
|  31|0x0000000083900000, 0x0000000083900000, 0x0000000083a00000|  0%| F|  |TAMS 0x0000000083900000, 0x0000000083900000| Untracked 
|  32|0x0000000083a00000, 0x0000000083a00000, 0x0000000083b00000|  0%| F|  |TAMS 0x0000000083a00000, 0x0000000083a00000| Untracked 
|  33|0x0000000083b00000, 0x0000000083b00000, 0x0000000083c00000|  0%| F|  |TAMS 0x0000000083b00000, 0x0000000083b00000| Untracked 
|  34|0x0000000083c00000, 0x0000000083c00000, 0x0000000083d00000|  0%| F|  |TAMS 0x0000000083c00000, 0x0000000083c00000| Untracked 
|  35|0x0000000083d00000, 0x0000000083d00000, 0x0000000083e00000|  0%| F|  |TAMS 0x0000000083d00000, 0x0000000083d00000| Untracked 
|  36|0x0000000083e00000, 0x0000000083e00000, 0x0000000083f00000|  0%| F|  |TAMS 0x0000000083e00000, 0x0000000083e00000| Untracked 
|  37|0x0000000083f00000, 0x0000000083f00000, 0x0000000084000000|  0%| F|  |TAMS 0x0000000083f00000, 0x0000000083f00000| Untracked 
|  38|0x0000000084000000, 0x0000000084000000, 0x0000000084100000|  0%| F|  |TAMS 0x0000000084000000, 0x0000000084000000| Untracked 
|  39|0x0000000084100000, 0x0000000084100000, 0x0000000084200000|  0%| F|  |TAMS 0x0000000084100000, 0x0000000084100000| Untracked 
|  40|0x0000000084200000, 0x0000000084200000, 0x0000000084300000|  0%| F|  |TAMS 0x0000000084200000, 0x0000000084200000| Untracked 
|  41|0x0000000084300000, 0x0000000084300000, 0x0000000084400000|  0%| F|  |TAMS 0x0000000084300000, 0x0000000084300000| Untracked 
|  42|0x0000000084400000, 0x0000000084400000, 0x0000000084500000|  0%| F|  |TAMS 0x0000000084400000, 0x0000000084400000| Untracked 
|  43|0x0000000084500000, 0x0000000084500000, 0x0000000084600000|  0%| F|  |TAMS 0x0000000084500000, 0x0000000084500000| Untracked 
|  44|0x0000000084600000, 0x0000000084600000, 0x0000000084700000|  0%| F|  |TAMS 0x0000000084600000, 0x0000000084600000| Untracked 
|  45|0x0000000084700000, 0x0000000084700000, 0x0000000084800000|  0%| F|  |TAMS 0x0000000084700000, 0x0000000084700000| Untracked 
|  46|0x0000000084800000, 0x0000000084800000, 0x0000000084900000|  0%| F|  |TAMS 0x0000000084800000, 0x0000000084800000| Untracked 
|  47|0x0000000084900000, 0x0000000084900000, 0x0000000084a00000|  0%| F|  |TAMS 0x0000000084900000, 0x0000000084900000| Untracked 
|  48|0x0000000084a00000, 0x0000000084a00000, 0x0000000084b00000|  0%| F|  |TAMS 0x0000000084a00000, 0x0000000084a00000| Untracked 
|  49|0x0000000084b00000, 0x0000000084b00000, 0x0000000084c00000|  0%| F|  |TAMS 0x0000000084b00000, 0x0000000084b00000| Untracked 
|  50|0x0000000084c00000, 0x0000000084c00000, 0x0000000084d00000|  0%| F|  |TAMS 0x0000000084c00000, 0x0000000084c00000| Untracked 
|  51|0x0000000084d00000, 0x0000000084d00000, 0x0000000084e00000|  0%| F|  |TAMS 0x0000000084d00000, 0x0000000084d00000| Untracked 
|  52|0x0000000084e00000, 0x0000000084e00000, 0x0000000084f00000|  0%| F|  |TAMS 0x0000000084e00000, 0x0000000084e00000| Untracked 
|  53|0x0000000084f00000, 0x0000000084f00000, 0x0000000085000000|  0%| F|  |TAMS 0x0000000084f00000, 0x0000000084f00000| Untracked 
|  54|0x0000000085000000, 0x0000000085000000, 0x0000000085100000|  0%| F|  |TAMS 0x0000000085000000, 0x0000000085000000| Untracked 
|  55|0x0000000085100000, 0x0000000085100000, 0x0000000085200000|  0%| F|  |TAMS 0x0000000085100000, 0x0000000085100000| Untracked 
|  56|0x0000000085200000, 0x0000000085200000, 0x0000000085300000|  0%| F|  |TAMS 0x0000000085200000, 0x0000000085200000| Untracked 
|  57|0x0000000085300000, 0x0000000085300000, 0x0000000085400000|  0%| F|  |TAMS 0x0000000085300000, 0x0000000085300000| Untracked 
|  58|0x0000000085400000, 0x0000000085400000, 0x0000000085500000|  0%| F|  |TAMS 0x0000000085400000, 0x0000000085400000| Untracked 
|  59|0x0000000085500000, 0x0000000085500000, 0x0000000085600000|  0%| F|  |TAMS 0x0000000085500000, 0x0000000085500000| Untracked 
|  60|0x0000000085600000, 0x0000000085600000, 0x0000000085700000|  0%| F|  |TAMS 0x0000000085600000, 0x0000000085600000| Untracked 
|  61|0x0000000085700000, 0x0000000085700000, 0x0000000085800000|  0%| F|  |TAMS 0x0000000085700000, 0x0000000085700000| Untracked 
|  62|0x0000000085800000, 0x0000000085800000, 0x0000000085900000|  0%| F|  |TAMS 0x0000000085800000, 0x0000000085800000| Untracked 
|  63|0x0000000085900000, 0x0000000085900000, 0x0000000085a00000|  0%| F|  |TAMS 0x0000000085900000, 0x0000000085900000| Untracked 
|  64|0x0000000085a00000, 0x0000000085a00000, 0x0000000085b00000|  0%| F|  |TAMS 0x0000000085a00000, 0x0000000085a00000| Untracked 
|  65|0x0000000085b00000, 0x0000000085b00000, 0x0000000085c00000|  0%| F|  |TAMS 0x0000000085b00000, 0x0000000085b00000| Untracked 
|  66|0x0000000085c00000, 0x0000000085c00000, 0x0000000085d00000|  0%| F|  |TAMS 0x0000000085c00000, 0x0000000085c00000| Untracked 
|  67|0x0000000085d00000, 0x0000000085d00000, 0x0000000085e00000|  0%| F|  |TAMS 0x0000000085d00000, 0x0000000085d00000| Untracked 
|  68|0x0000000085e00000, 0x0000000085e00000, 0x0000000085f00000|  0%| F|  |TAMS 0x0000000085e00000, 0x0000000085e00000| Untracked 
|  69|0x0000000085f00000, 0x0000000085f00000, 0x0000000086000000|  0%| F|  |TAMS 0x0000000085f00000, 0x0000000085f00000| Untracked 
|  70|0x0000000086000000, 0x0000000086000000, 0x0000000086100000|  0%| F|  |TAMS 0x0000000086000000, 0x0000000086000000| Untracked 
|  71|0x0000000086100000, 0x0000000086100000, 0x0000000086200000|  0%| F|  |TAMS 0x0000000086100000, 0x0000000086100000| Untracked 
|  72|0x0000000086200000, 0x0000000086200000, 0x0000000086300000|  0%| F|  |TAMS 0x0000000086200000, 0x0000000086200000| Untracked 
|  73|0x0000000086300000, 0x0000000086300000, 0x0000000086400000|  0%| F|  |TAMS 0x0000000086300000, 0x0000000086300000| Untracked 
|  74|0x0000000086400000, 0x0000000086400000, 0x0000000086500000|  0%| F|  |TAMS 0x0000000086400000, 0x0000000086400000| Untracked 
|  75|0x0000000086500000, 0x0000000086500000, 0x0000000086600000|  0%| F|  |TAMS 0x0000000086500000, 0x0000000086500000| Untracked 
|  76|0x0000000086600000, 0x0000000086600000, 0x0000000086700000|  0%| F|  |TAMS 0x0000000086600000, 0x0000000086600000| Untracked 
|  77|0x0000000086700000, 0x0000000086700000, 0x0000000086800000|  0%| F|  |TAMS 0x0000000086700000, 0x0000000086700000| Untracked 
|  78|0x0000000086800000, 0x0000000086800000, 0x0000000086900000|  0%| F|  |TAMS 0x0000000086800000, 0x0000000086800000| Untracked 
|  79|0x0000000086900000, 0x0000000086900000, 0x0000000086a00000|  0%| F|  |TAMS 0x0000000086900000, 0x0000000086900000| Untracked 
|  80|0x0000000086a00000, 0x0000000086a00000, 0x0000000086b00000|  0%| F|  |TAMS 0x0000000086a00000, 0x0000000086a00000| Untracked 
|  81|0x0000000086b00000, 0x0000000086b00000, 0x0000000086c00000|  0%| F|  |TAMS 0x0000000086b00000, 0x0000000086b00000| Untracked 
|  82|0x0000000086c00000, 0x0000000086c00000, 0x0000000086d00000|  0%| F|  |TAMS 0x0000000086c00000, 0x0000000086c00000| Untracked 
|  83|0x0000000086d00000, 0x0000000086d00000, 0x0000000086e00000|  0%| F|  |TAMS 0x0000000086d00000, 0x0000000086d00000| Untracked 
|  84|0x0000000086e00000, 0x0000000086e00000, 0x0000000086f00000|  0%| F|  |TAMS 0x0000000086e00000, 0x0000000086e00000| Untracked 
|  85|0x0000000086f00000, 0x0000000086f00000, 0x0000000087000000|  0%| F|  |TAMS 0x0000000086f00000, 0x0000000086f00000| Untracked 
|  86|0x0000000087000000, 0x0000000087048548, 0x0000000087100000| 28%| S|CS|TAMS 0x0000000087000000, 0x0000000087000000| Complete 
|  87|0x0000000087100000, 0x0000000087200000, 0x0000000087200000|100%| S|CS|TAMS 0x0000000087100000, 0x0000000087100000| Complete 
|  88|0x0000000087200000, 0x0000000087300000, 0x0000000087300000|100%| S|CS|TAMS 0x0000000087200000, 0x0000000087200000| Complete 
|  89|0x0000000087300000, 0x0000000087400000, 0x0000000087400000|100%| S|CS|TAMS 0x0000000087300000, 0x0000000087300000| Complete 
|  90|0x0000000087400000, 0x0000000087500000, 0x0000000087500000|100%| S|CS|TAMS 0x0000000087400000, 0x0000000087400000| Complete 
|  91|0x0000000087500000, 0x0000000087500000, 0x0000000087600000|  0%| F|  |TAMS 0x0000000087500000, 0x0000000087500000| Untracked 
|  92|0x0000000087600000, 0x0000000087600000, 0x0000000087700000|  0%| F|  |TAMS 0x0000000087600000, 0x0000000087600000| Untracked 
|  93|0x0000000087700000, 0x0000000087700000, 0x0000000087800000|  0%| F|  |TAMS 0x0000000087700000, 0x0000000087700000| Untracked 
|  94|0x0000000087800000, 0x0000000087800000, 0x0000000087900000|  0%| F|  |TAMS 0x0000000087800000, 0x0000000087800000| Untracked 
|  95|0x0000000087900000, 0x0000000087900000, 0x0000000087a00000|  0%| F|  |TAMS 0x0000000087900000, 0x0000000087900000| Untracked 
|  96|0x0000000087a00000, 0x0000000087a00000, 0x0000000087b00000|  0%| F|  |TAMS 0x0000000087a00000, 0x0000000087a00000| Untracked 
|  97|0x0000000087b00000, 0x0000000087b00000, 0x0000000087c00000|  0%| F|  |TAMS 0x0000000087b00000, 0x0000000087b00000| Untracked 
|  98|0x0000000087c00000, 0x0000000087c00000, 0x0000000087d00000|  0%| F|  |TAMS 0x0000000087c00000, 0x0000000087c00000| Untracked 
|  99|0x0000000087d00000, 0x0000000087d00000, 0x0000000087e00000|  0%| F|  |TAMS 0x0000000087d00000, 0x0000000087d00000| Untracked 
| 100|0x0000000087e00000, 0x0000000087e00000, 0x0000000087f00000|  0%| F|  |TAMS 0x0000000087e00000, 0x0000000087e00000| Untracked 
| 101|0x0000000087f00000, 0x0000000087f00000, 0x0000000088000000|  0%| F|  |TAMS 0x0000000087f00000, 0x0000000087f00000| Untracked 
| 102|0x0000000088000000, 0x0000000088000000, 0x0000000088100000|  0%| F|  |TAMS 0x0000000088000000, 0x0000000088000000| Untracked 
| 103|0x0000000088100000, 0x0000000088100000, 0x0000000088200000|  0%| F|  |TAMS 0x0000000088100000, 0x0000000088100000| Untracked 
| 104|0x0000000088200000, 0x0000000088200000, 0x0000000088300000|  0%| F|  |TAMS 0x0000000088200000, 0x0000000088200000| Untracked 
| 105|0x0000000088300000, 0x0000000088300000, 0x0000000088400000|  0%| F|  |TAMS 0x0000000088300000, 0x0000000088300000| Untracked 
| 106|0x0000000088400000, 0x0000000088400000, 0x0000000088500000|  0%| F|  |TAMS 0x0000000088400000, 0x0000000088400000| Untracked 
| 107|0x0000000088500000, 0x0000000088500000, 0x0000000088600000|  0%| F|  |TAMS 0x0000000088500000, 0x0000000088500000| Untracked 
| 108|0x0000000088600000, 0x0000000088600000, 0x0000000088700000|  0%| F|  |TAMS 0x0000000088600000, 0x0000000088600000| Untracked 
| 109|0x0000000088700000, 0x0000000088700000, 0x0000000088800000|  0%| F|  |TAMS 0x0000000088700000, 0x0000000088700000| Untracked 
| 110|0x0000000088800000, 0x0000000088800000, 0x0000000088900000|  0%| F|  |TAMS 0x0000000088800000, 0x0000000088800000| Untracked 
| 111|0x0000000088900000, 0x0000000088900000, 0x0000000088a00000|  0%| F|  |TAMS 0x0000000088900000, 0x0000000088900000| Untracked 
| 112|0x0000000088a00000, 0x0000000088a00000, 0x0000000088b00000|  0%| F|  |TAMS 0x0000000088a00000, 0x0000000088a00000| Untracked 
| 113|0x0000000088b00000, 0x0000000088b00000, 0x0000000088c00000|  0%| F|  |TAMS 0x0000000088b00000, 0x0000000088b00000| Untracked 
| 114|0x0000000088c00000, 0x0000000088c00000, 0x0000000088d00000|  0%| F|  |TAMS 0x0000000088c00000, 0x0000000088c00000| Untracked 
| 115|0x0000000088d00000, 0x0000000088d00000, 0x0000000088e00000|  0%| F|  |TAMS 0x0000000088d00000, 0x0000000088d00000| Untracked 
| 116|0x0000000088e00000, 0x0000000088e00000, 0x0000000088f00000|  0%| F|  |TAMS 0x0000000088e00000, 0x0000000088e00000| Untracked 
| 117|0x0000000088f00000, 0x0000000088f00000, 0x0000000089000000|  0%| F|  |TAMS 0x0000000088f00000, 0x0000000088f00000| Untracked 
| 118|0x0000000089000000, 0x0000000089000000, 0x0000000089100000|  0%| F|  |TAMS 0x0000000089000000, 0x0000000089000000| Untracked 
| 119|0x0000000089100000, 0x0000000089180800, 0x0000000089200000| 50%| E|  |TAMS 0x0000000089100000, 0x0000000089100000| Complete 
| 120|0x0000000089200000, 0x0000000089300000, 0x0000000089300000|100%| E|CS|TAMS 0x0000000089200000, 0x0000000089200000| Complete 
| 121|0x0000000089300000, 0x0000000089400000, 0x0000000089400000|100%| E|CS|TAMS 0x0000000089300000, 0x0000000089300000| Complete 
| 122|0x0000000089400000, 0x0000000089500000, 0x0000000089500000|100%| E|CS|TAMS 0x0000000089400000, 0x0000000089400000| Complete 
| 123|0x0000000089500000, 0x0000000089600000, 0x0000000089600000|100%| E|CS|TAMS 0x0000000089500000, 0x0000000089500000| Complete 
| 124|0x0000000089600000, 0x0000000089700000, 0x0000000089700000|100%| E|CS|TAMS 0x0000000089600000, 0x0000000089600000| Complete 
| 125|0x0000000089700000, 0x0000000089800000, 0x0000000089800000|100%| E|CS|TAMS 0x0000000089700000, 0x0000000089700000| Complete 
| 126|0x0000000089800000, 0x0000000089900000, 0x0000000089900000|100%| E|CS|TAMS 0x0000000089800000, 0x0000000089800000| Complete 
| 127|0x0000000089900000, 0x0000000089a00000, 0x0000000089a00000|100%| E|CS|TAMS 0x0000000089900000, 0x0000000089900000| Complete 

Card table byte_map: [0x00000267de260000,0x00000267de660000] _byte_map_base: 0x00000267dde53000

Marking Bits (Prev, Next): (CMBitMap*) 0x00000267c67565c0, (CMBitMap*) 0x00000267c6756588
 Prev Bits: [0x00000267e0a00000, 0x00000267e2998000)
 Next Bits: [0x00000267dea60000, 0x00000267e09f8000)

Polling page: 0x00000267c46b0000

Metaspace:

Usage:
  Non-class:     23.07 MB capacity,    22.89 MB (>99%) used,   155.61 KB ( <1%) free+waste,    32.25 KB ( <1%) overhead. 
      Class:      3.00 MB capacity,     2.90 MB ( 97%) used,    92.84 KB (  3%) free+waste,    12.63 KB ( <1%) overhead. 
       Both:     26.08 MB capacity,    25.79 MB ( 99%) used,   248.45 KB ( <1%) free+waste,    44.88 KB ( <1%) overhead. 

Virtual space:
  Non-class space:       24.00 MB reserved,      23.25 MB ( 97%) committed 
      Class space:        1.00 GB reserved,       3.13 MB ( <1%) committed 
             Both:        1.02 GB reserved,      26.38 MB (  3%) committed 

Chunk freelists:
   Non-Class:  52.00 KB
       Class:  30.00 KB
        Both:  82.00 KB

MaxMetaspaceSize: 17179869184.00 GB
CompressedClassSpaceSize: 1.00 GB
Initial GC threshold: 20.80 MB
Current GC threshold: 35.00 MB
CDS: off

CodeHeap 'non-profiled nmethods': size=120064Kb used=1612Kb max_used=1612Kb free=118451Kb
 bounds [0x00000267d6920000, 0x00000267d6b90000, 0x00000267dde60000]
CodeHeap 'profiled nmethods': size=120000Kb used=7188Kb max_used=7188Kb free=112811Kb
 bounds [0x00000267cf3f0000, 0x00000267cfb00000, 0x00000267d6920000]
CodeHeap 'non-nmethods': size=5696Kb used=1221Kb max_used=1292Kb free=4474Kb
 bounds [0x00000267cee60000, 0x00000267cf0d0000, 0x00000267cf3f0000]
 total_blobs=4037 nmethods=3540 adapters=409
 compilation: enabled
              stopped_count=0, restarted_count=0
 full_count=0

Compilation events (20 events):
Event: 1.764 Thread 0x00000267e5827800 3528       1       sun.nio.fs.WindowsPathParser$Result::root (5 bytes)
Event: 1.764 Thread 0x00000267e5827800 nmethod 3528 0x00000267d6a84610 code [0x00000267d6a847c0, 0x00000267d6a84878]
Event: 1.764 Thread 0x00000267e5827800 3529       1       sun.nio.fs.WindowsPathParser$Result::path (5 bytes)
Event: 1.764 Thread 0x00000267e5827800 nmethod 3529 0x00000267d6a84910 code [0x00000267d6a84ac0, 0x00000267d6a84b78]
Event: 1.765 Thread 0x00000267e5827800 3531       2       jdk.internal.org.objectweb.asm.Type::getDescriptor (87 bytes)
Event: 1.765 Thread 0x00000267e5827800 nmethod 3531 0x00000267cfaf2610 code [0x00000267cfaf2800, 0x00000267cfaf2a28]
Event: 1.765 Thread 0x00000267e5827800 3532       2       jdk.internal.org.objectweb.asm.Type::getDescriptor (18 bytes)
Event: 1.765 Thread 0x00000267e5827800 nmethod 3532 0x00000267cfaf2c10 code [0x00000267cfaf2e00, 0x00000267cfaf3118]
Event: 1.768 Thread 0x00000267e5827800 3534       2       java.io.WinNTFileSystem::normalize (143 bytes)
Event: 1.768 Thread 0x00000267e5827800 nmethod 3534 0x00000267cfaf3290 code [0x00000267cfaf34a0, 0x00000267cfaf3978]
Event: 1.770 Thread 0x00000267e5827800 3535       2       java.io.FileInputStream::read (9 bytes)
Event: 1.771 Thread 0x00000267e5827800 nmethod 3535 0x00000267cfaf3d10 code [0x00000267cfaf3ec0, 0x00000267cfaf3fe8]
Event: 1.777 Thread 0x00000267e5827800 3537   !   2       java.nio.DirectByteBuffer::put (32 bytes)
Event: 1.777 Thread 0x00000267e5827800 nmethod 3537 0x00000267cfaf4090 code [0x00000267cfaf4240, 0x00000267cfaf4398]
Event: 1.777 Thread 0x00000267e5827800 3538       2       jdk.internal.misc.Unsafe::putByte (8 bytes)
Event: 1.777 Thread 0x00000267e5827800 nmethod 3538 0x00000267cfaf4510 code [0x00000267cfaf46c0, 0x00000267cfaf47b8]
Event: 1.782 Thread 0x00000267e5827800 3542       2       java.lang.invoke.MemberName::isMethod (7 bytes)
Event: 1.782 Thread 0x00000267e5827800 nmethod 3542 0x00000267cfaf4890 code [0x00000267cfaf4a40, 0x00000267cfaf4b58]
Event: 1.782 Thread 0x00000267e5827800 3543       2       jdk.internal.org.objectweb.asm.MethodWriter::visitInsn (114 bytes)
Event: 1.782 Thread 0x00000267e5827800 nmethod 3543 0x00000267cfaf4c10 code [0x00000267cfaf4de0, 0x00000267cfaf5028]

GC Heap History (8 events):
Event: 0.237 GC heap before
{Heap before GC invocations=0 (full 0):
 garbage-first heap   total 131072K, used 14336K [0x0000000081a00000, 0x0000000100000000)
  region size 1024K, 14 young (14336K), 0 survivors (0K)
 Metaspace       used 8138K, capacity 8259K, committed 8448K, reserved 1056768K
  class space    used 687K, capacity 724K, committed 768K, reserved 1048576K
}
Event: 0.241 GC heap after
{Heap after GC invocations=1 (full 0):
 garbage-first heap   total 131072K, used 4834K [0x0000000081a00000, 0x0000000100000000)
  region size 1024K, 2 young (2048K), 2 survivors (2048K)
 Metaspace       used 8138K, capacity 8259K, committed 8448K, reserved 1056768K
  class space    used 687K, capacity 724K, committed 768K, reserved 1048576K
}
Event: 0.944 GC heap before
{Heap before GC invocations=1 (full 0):
 garbage-first heap   total 131072K, used 83682K [0x0000000081a00000, 0x0000000100000000)
  region size 1024K, 75 young (76800K), 2 survivors (2048K)
 Metaspace       used 18118K, capacity 18331K, committed 18432K, reserved 1064960K
  class space    used 1988K, capacity 2048K, committed 2048K, reserved 1048576K
}
Event: 0.953 GC heap after
{Heap after GC invocations=2 (full 0):
 garbage-first heap   total 131072K, used 16256K [0x0000000081a00000, 0x0000000100000000)
  region size 1024K, 10 young (10240K), 10 survivors (10240K)
 Metaspace       used 18118K, capacity 18331K, committed 18432K, reserved 1064960K
  class space    used 1988K, capacity 2048K, committed 2048K, reserved 1048576K
}
Event: 1.134 GC heap before
{Heap before GC invocations=2 (full 0):
 garbage-first heap   total 131072K, used 28544K [0x0000000081a00000, 0x0000000100000000)
  region size 1024K, 23 young (23552K), 10 survivors (10240K)
 Metaspace       used 20908K, capacity 21095K, committed 21248K, reserved 1069056K
  class space    used 2363K, capacity 2434K, committed 2560K, reserved 1048576K
}
Event: 1.143 GC heap after
{Heap after GC invocations=3 (full 0):
 garbage-first heap   total 131072K, used 18224K [0x0000000081a00000, 0x0000000100000000)
  region size 1024K, 2 young (2048K), 2 survivors (2048K)
 Metaspace       used 20908K, capacity 21095K, committed 21248K, reserved 1069056K
  class space    used 2363K, capacity 2434K, committed 2560K, reserved 1048576K
}
Event: 1.648 GC heap before
{Heap before GC invocations=4 (full 0):
 garbage-first heap   total 131072K, used 54064K [0x0000000081a00000, 0x0000000100000000)
  region size 1024K, 37 young (37888K), 2 survivors (2048K)
 Metaspace       used 25271K, capacity 25550K, committed 25856K, reserved 1073152K
  class space    used 2859K, capacity 2966K, committed 3072K, reserved 1048576K
}
Event: 1.653 GC heap after
{Heap after GC invocations=5 (full 0):
 garbage-first heap   total 131072K, used 20765K [0x0000000081a00000, 0x0000000100000000)
  region size 1024K, 5 young (5120K), 5 survivors (5120K)
 Metaspace       used 25271K, capacity 25550K, committed 25856K, reserved 1073152K
  class space    used 2859K, capacity 2966K, committed 3072K, reserved 1048576K
}

Deoptimization events (20 events):
Event: 1.510 Thread 0x00000267c45ce000 DEOPT PACKING pc=0x00000267d6a13390 sp=0x000000900c9fe200
Event: 1.510 Thread 0x00000267c45ce000 DEOPT UNPACKING pc=0x00000267ceeaa1af sp=0x000000900c9fe1a0 mode 2
Event: 1.535 Thread 0x00000267c45ce000 DEOPT PACKING pc=0x00000267cf7adf68 sp=0x000000900c9f8b00
Event: 1.535 Thread 0x00000267c45ce000 DEOPT UNPACKING pc=0x00000267ceeaa95e sp=0x000000900c9f7f48 mode 0
Event: 1.543 Thread 0x00000267c45ce000 Uncommon trap: trap_request=0xffffff4d fr.pc=0x00000267d6944f7c relative=0x000000000000013c
Event: 1.543 Thread 0x00000267c45ce000 Uncommon trap: reason=unstable_if action=reinterpret pc=0x00000267d6944f7c method=java.lang.ThreadLocal$ThreadLocalMap.getEntry(Ljava/lang/ThreadLocal;)Ljava/lang/ThreadLocal$ThreadLocalMap$Entry; @ 29 c2
Event: 1.543 Thread 0x00000267c45ce000 DEOPT PACKING pc=0x00000267d6944f7c sp=0x000000900c9fc850
Event: 1.543 Thread 0x00000267c45ce000 DEOPT UNPACKING pc=0x00000267ceeaa1af sp=0x000000900c9fc790 mode 2
Event: 1.548 Thread 0x00000267c45ce000 Uncommon trap: trap_request=0xffffff4d fr.pc=0x00000267d69454b0 relative=0x00000000000000f0
Event: 1.548 Thread 0x00000267c45ce000 Uncommon trap: reason=unstable_if action=reinterpret pc=0x00000267d69454b0 method=java.lang.ThreadLocal$ThreadLocalMap.getEntry(Ljava/lang/ThreadLocal;)Ljava/lang/ThreadLocal$ThreadLocalMap$Entry; @ 29 c2
Event: 1.548 Thread 0x00000267c45ce000 DEOPT PACKING pc=0x00000267d69454b0 sp=0x000000900c9fc7d0
Event: 1.548 Thread 0x00000267c45ce000 DEOPT UNPACKING pc=0x00000267ceeaa1af sp=0x000000900c9fc788 mode 2
Event: 1.717 Thread 0x00000267c45ce000 Uncommon trap: trap_request=0xffffffc6 fr.pc=0x00000267d69cbf94 relative=0x0000000000000e94
Event: 1.717 Thread 0x00000267c45ce000 Uncommon trap: reason=bimorphic_or_optimized_type_check action=maybe_recompile pc=0x00000267d69cbf94 method=java.util.HashMap.putVal(ILjava/lang/Object;Ljava/lang/Object;ZZ)Ljava/lang/Object; @ 152 c2
Event: 1.717 Thread 0x00000267c45ce000 DEOPT PACKING pc=0x00000267d69cbf94 sp=0x000000900c9fa590
Event: 1.717 Thread 0x00000267c45ce000 DEOPT UNPACKING pc=0x00000267ceeaa1af sp=0x000000900c9fa520 mode 2
Event: 1.763 Thread 0x00000267c45ce000 Uncommon trap: trap_request=0xffffff4d fr.pc=0x00000267d69acd00 relative=0x00000000000014e0
Event: 1.763 Thread 0x00000267c45ce000 Uncommon trap: reason=unstable_if action=reinterpret pc=0x00000267d69acd00 method=java.io.WinNTFileSystem.normalize(Ljava/lang/String;)Ljava/lang/String; @ 128 c2
Event: 1.763 Thread 0x00000267c45ce000 DEOPT PACKING pc=0x00000267d69acd00 sp=0x000000900c9f99a0
Event: 1.763 Thread 0x00000267c45ce000 DEOPT UNPACKING pc=0x00000267ceeaa1af sp=0x000000900c9f9978 mode 2

Classes redefined (0 events):
No events

Internal exceptions (20 events):
Event: 1.401 Thread 0x00000267c45ce000 Implicit null exception at 0x00000267d6a242f0 to 0x00000267d6a2442c
Event: 1.432 Thread 0x00000267c45ce000 Exception <a 'java/io/FileNotFoundException'{0x00000000887a3698}> (0x00000000887a3698) thrown at [./src/hotspot/share/prims/jni.cpp, line 617]
Event: 1.433 Thread 0x00000267c45ce000 Exception <a 'java/io/FileNotFoundException'{0x00000000887b47b0}> (0x00000000887b47b0) thrown at [./src/hotspot/share/prims/jni.cpp, line 617]
Event: 1.434 Thread 0x00000267c45ce000 Implicit null exception at 0x00000267d6a4f94a to 0x00000267d6a51e50
Event: 1.437 Thread 0x00000267c45ce000 Exception <a 'java/io/FileNotFoundException'{0x00000000887efbc0}> (0x00000000887efbc0) thrown at [./src/hotspot/share/prims/jni.cpp, line 617]
Event: 1.467 Thread 0x00000267c45ce000 Exception <a 'java/io/FileNotFoundException'{0x00000000885d3b48}> (0x00000000885d3b48) thrown at [./src/hotspot/share/prims/jni.cpp, line 617]
Event: 1.471 Thread 0x00000267c45ce000 Exception <a 'java/io/FileNotFoundException'{0x000000008840b058}> (0x000000008840b058) thrown at [./src/hotspot/share/prims/jni.cpp, line 617]
Event: 1.592 Thread 0x00000267c45ce000 Exception <a 'java/lang/reflect/InvocationTargetException'{0x0000000087a00550}> (0x0000000087a00550) thrown at [./src/hotspot/share/runtime/reflection.cpp, line 1247]
Event: 1.593 Thread 0x00000267c45ce000 Exception <a 'java/lang/reflect/InvocationTargetException'{0x0000000087a1d378}> (0x0000000087a1d378) thrown at [./src/hotspot/share/runtime/reflection.cpp, line 1247]
Event: 1.594 Thread 0x00000267c45ce000 Exception <a 'java/lang/reflect/InvocationTargetException'{0x0000000087a39f10}> (0x0000000087a39f10) thrown at [./src/hotspot/share/runtime/reflection.cpp, line 1247]
Event: 1.595 Thread 0x00000267c45ce000 Exception <a 'java/lang/reflect/InvocationTargetException'{0x0000000087a56a78}> (0x0000000087a56a78) thrown at [./src/hotspot/share/runtime/reflection.cpp, line 1247]
Event: 1.595 Thread 0x00000267c45ce000 Exception <a 'java/lang/reflect/InvocationTargetException'{0x0000000087a735f0}> (0x0000000087a735f0) thrown at [./src/hotspot/share/runtime/reflection.cpp, line 1247]
Event: 1.721 Thread 0x00000267c45ce000 Exception <a 'java/lang/NoSuchMethodError'{0x00000000893e6c40}: 'java.lang.Object java.lang.invoke.DirectMethodHandle$Holder.invokeStaticInit(java.lang.Object, int, int, int, int)'> (0x00000000893e6c40) thrown at [./src/hotspot/share/interpreter/linkResolver.cpp, line 773]
Event: 1.765 Thread 0x00000267c45ce000 Exception <a 'java/lang/NoSuchMethodError'{0x0000000089203da0}: 'java.lang.Object java.lang.invoke.DirectMethodHandle$Holder.invokeStaticInit(java.lang.Object, java.lang.Object, int, int, int, int)'> (0x0000000089203da0) thrown at [./src/hotspot/share/interpreter/linkResolver.cpp, line 773]
Event: 1.781 Thread 0x00000267c45ce000 Exception <a 'java/security/PrivilegedActionException'{0x00000000892b8550}> (0x00000000892b8550) thrown at [./src/hotspot/share/prims/jvm.cpp, line 1306]
Event: 1.781 Thread 0x00000267c45ce000 Exception <a 'java/security/PrivilegedActionException'{0x00000000892b9c98}> (0x00000000892b9c98) thrown at [./src/hotspot/share/prims/jvm.cpp, line 1306]
Event: 1.781 Thread 0x00000267c45ce000 Exception <a 'java/security/PrivilegedActionException'{0x00000000892bb300}> (0x00000000892bb300) thrown at [./src/hotspot/share/prims/jvm.cpp, line 1306]
Event: 1.783 Thread 0x00000267c45ce000 Exception <a 'java/security/PrivilegedActionException'{0x00000000892c7cf0}> (0x00000000892c7cf0) thrown at [./src/hotspot/share/prims/jvm.cpp, line 1306]
Event: 1.783 Thread 0x00000267c45ce000 Exception <a 'java/security/PrivilegedActionException'{0x00000000892c9350}> (0x00000000892c9350) thrown at [./src/hotspot/share/prims/jvm.cpp, line 1306]
Event: 1.783 Thread 0x00000267c45ce000 Exception <a 'java/security/PrivilegedActionException'{0x00000000892ca970}> (0x00000000892ca970) thrown at [./src/hotspot/share/prims/jvm.cpp, line 1306]

Events (20 events):
Event: 1.787 loading class org/lwjgl/MemoryUtil$Accessor
Event: 1.787 loading class org/lwjgl/MemoryUtil$Accessor done
Event: 1.787 loading class java/nio/charset/CharacterCodingException
Event: 1.787 loading class java/nio/charset/CharacterCodingException done
Event: 1.787 loading class org/lwjgl/MemoryUtilSun$AccessorUnsafe
Event: 1.787 loading class org/lwjgl/MemoryUtilSun$AccessorUnsafe done
Event: 1.788 loading class sun/misc/Unsafe
Event: 1.788 loading class sun/misc/Unsafe done
Event: 1.788 loading class org/lwjgl/MemoryUtilSun
Event: 1.788 loading class org/lwjgl/MemoryUtilSun done
Event: 1.788 loading class org/lwjgl/MemoryUtilSun$AccessorReflectFast
Event: 1.788 loading class org/lwjgl/MemoryUtilSun$AccessorReflectFast done
Event: 1.795 loading class org/lwjgl/openal/ALCdevice
Event: 1.795 loading class org/lwjgl/openal/ALCdevice done
Event: 1.795 loading class org/lwjgl/openal/ALCcontext
Event: 1.795 loading class org/lwjgl/openal/ALCcontext done
Event: 1.796 loading class org/lwjgl/openal/Util
Event: 1.796 loading class org/lwjgl/openal/Util done
Event: 1.796 loading class org/lwjgl/openal/OpenALException
Event: 1.796 loading class org/lwjgl/openal/OpenALException done


Dynamic libraries:
0x00007ff6672f0000 - 0x00007ff6672fd000 	C:\Program Files\Eclipse Adoptium\jdk-11.0.15.10-hotspot\bin\javaw.exe
0x00007fffcc470000 - 0x00007fffcc650000 	C:\Windows\SYSTEM32\ntdll.dll
0x00007fffc9ad0000 - 0x00007fffc9b7e000 	C:\Windows\System32\KERNEL32.DLL
0x00007fffc94a0000 - 0x00007fffc9706000 	C:\Windows\System32\KERNELBASE.dll
0x00007fffc97e0000 - 0x00007fffc98d6000 	C:\Windows\System32\ucrtbase.dll
0x00007fffbca00000 - 0x00007fffbca17000 	C:\Program Files\Eclipse Adoptium\jdk-11.0.15.10-hotspot\bin\jli.dll
0x00007fffc9940000 - 0x00007fffc9acf000 	C:\Windows\System32\USER32.dll
0x00007fffc8fc0000 - 0x00007fffc8fe0000 	C:\Windows\System32\win32u.dll
0x00007fffc9bf0000 - 0x00007fffc9c18000 	C:\Windows\System32\GDI32.dll
0x00007fffc9250000 - 0x00007fffc93e3000 	C:\Windows\System32\gdi32full.dll
0x00007fffc91b0000 - 0x00007fffc924b000 	C:\Windows\System32\msvcp_win.dll
0x00007fffbc9e0000 - 0x00007fffbc9f5000 	C:\Program Files\Eclipse Adoptium\jdk-11.0.15.10-hotspot\bin\VCRUNTIME140.dll
0x00007fffb9360000 - 0x00007fffb95c9000 	C:\Windows\WinSxS\amd64_microsoft.windows.common-controls_6595b64144ccf1df_6.0.16299.371_none_15c7d1789365a290\COMCTL32.dll
0x00007fffcbdc0000 - 0x00007fffcbe5d000 	C:\Windows\System32\msvcrt.dll
0x00007fffcb730000 - 0x00007fffcba38000 	C:\Windows\System32\combase.dll
0x00007fffcb130000 - 0x00007fffcb24f000 	C:\Windows\System32\RPCRT4.dll
0x00007fffc9710000 - 0x00007fffc9782000 	C:\Windows\System32\bcryptPrimitives.dll
0x00007fffcb250000 - 0x00007fffcb27d000 	C:\Windows\System32\IMM32.DLL
0x00007fff98340000 - 0x00007fff983db000 	C:\Program Files\Eclipse Adoptium\jdk-11.0.15.10-hotspot\bin\msvcp140.dll
0x00007fff74ec0000 - 0x00007fff75a41000 	C:\Program Files\Eclipse Adoptium\jdk-11.0.15.10-hotspot\bin\server\jvm.dll
0x00007fffcbe60000 - 0x00007fffcbf01000 	C:\Windows\System32\ADVAPI32.dll
0x00007fffcbcc0000 - 0x00007fffcbd1b000 	C:\Windows\System32\sechost.dll
0x00007fffcbdb0000 - 0x00007fffcbdb8000 	C:\Windows\System32\PSAPI.DLL
0x00007fffc5ee0000 - 0x00007fffc5ee9000 	C:\Windows\SYSTEM32\WSOCK32.dll
0x00007fffcbd40000 - 0x00007fffcbdac000 	C:\Windows\System32\WS2_32.dll
0x00007fffc6c20000 - 0x00007fffc6c43000 	C:\Windows\SYSTEM32\WINMM.dll
0x00007fffc6b20000 - 0x00007fffc6b4a000 	C:\Windows\SYSTEM32\WINMMBASE.dll
0x00007fffc9790000 - 0x00007fffc97da000 	C:\Windows\System32\cfgmgr32.dll
0x00007fffc3410000 - 0x00007fffc341a000 	C:\Windows\SYSTEM32\VERSION.dll
0x00007fffc87e0000 - 0x00007fffc87f1000 	C:\Windows\System32\kernel.appcore.dll
0x00007fffc5e20000 - 0x00007fffc5e30000 	C:\Program Files\Eclipse Adoptium\jdk-11.0.15.10-hotspot\bin\verify.dll
0x00007fffb9910000 - 0x00007fffb9ad8000 	C:\Windows\SYSTEM32\DBGHELP.DLL
0x00007fffb9690000 - 0x00007fffb96b9000 	C:\Windows\SYSTEM32\dbgcore.DLL
0x00007fffbcd30000 - 0x00007fffbcd58000 	C:\Program Files\Eclipse Adoptium\jdk-11.0.15.10-hotspot\bin\java.dll
0x00007fffc5560000 - 0x00007fffc556a000 	C:\Program Files\Eclipse Adoptium\jdk-11.0.15.10-hotspot\bin\jimage.dll
0x00007fffc51d0000 - 0x00007fffc51e8000 	C:\Program Files\Eclipse Adoptium\jdk-11.0.15.10-hotspot\bin\zip.dll
0x00007fffc9cf0000 - 0x00007fffcb126000 	C:\Windows\System32\SHELL32.dll
0x00007fffcbf10000 - 0x00007fffcbfb6000 	C:\Windows\System32\shcore.dll
0x00007fffc8870000 - 0x00007fffc8fb7000 	C:\Windows\System32\windows.storage.dll
0x00007fffc9b80000 - 0x00007fffc9bd1000 	C:\Windows\System32\shlwapi.dll
0x00007fffc8800000 - 0x00007fffc884c000 	C:\Windows\System32\powrprof.dll
0x00007fffc87c0000 - 0x00007fffc87db000 	C:\Windows\System32\profapi.dll
0x00007fffc50a0000 - 0x00007fffc50b9000 	C:\Program Files\Eclipse Adoptium\jdk-11.0.15.10-hotspot\bin\net.dll
0x00007fffc3a60000 - 0x00007fffc3b3e000 	C:\Windows\SYSTEM32\WINHTTP.dll
0x00007fffc7ff0000 - 0x00007fffc8056000 	C:\Windows\system32\mswsock.dll
0x00007fffc4c70000 - 0x00007fffc4c83000 	C:\Program Files\Eclipse Adoptium\jdk-11.0.15.10-hotspot\bin\nio.dll
0x0000000065580000 - 0x0000000065616000 	C:\Users\ALUMNO\AppData\Local\Temp\libgdxalumno\12dfaa03\gdx64.dll
0x00007fffc81b0000 - 0x00007fffc81c7000 	C:\Windows\SYSTEM32\CRYPTSP.dll
0x00007fffc7bf0000 - 0x00007fffc7c23000 	C:\Windows\system32\rsaenh.dll
0x00007fffc82c0000 - 0x00007fffc82e5000 	C:\Windows\SYSTEM32\bcrypt.dll
0x00007fffc86c0000 - 0x00007fffc86e9000 	C:\Windows\SYSTEM32\USERENV.dll
0x00007fffc81d0000 - 0x00007fffc81db000 	C:\Windows\SYSTEM32\CRYPTBASE.dll
0x00007fffc7d80000 - 0x00007fffc7db9000 	C:\Windows\SYSTEM32\IPHLPAPI.DLL
0x00007fffc9be0000 - 0x00007fffc9be8000 	C:\Windows\System32\NSI.dll
0x00007fffc4a00000 - 0x00007fffc4a16000 	C:\Windows\SYSTEM32\dhcpcsvc6.DLL
0x00007fffc49e0000 - 0x00007fffc49fa000 	C:\Windows\SYSTEM32\dhcpcsvc.DLL
0x0000000180000000 - 0x0000000180053000 	C:\Users\ALUMNO\AppData\Local\Temp\libgdxalumno\dc0f0009\lwjgl64.dll
0x00007fffad3c0000 - 0x00007fffad4de000 	C:\Windows\SYSTEM32\OPENGL32.dll
0x00007fffb8970000 - 0x00007fffb899c000 	C:\Windows\SYSTEM32\GLU32.dll
0x00000267e9a30000 - 0x00000267e9a94000 	C:\Users\ALUMNO\AppData\Local\Temp\libgdxalumno\dc0f0009\OpenAL64.dll
0x00007fffcc2f0000 - 0x00007fffcc439000 	C:\Windows\System32\ole32.dll
0x00007fffc6f90000 - 0x00007fffc7025000 	C:\Windows\system32\uxtheme.dll
0x00007fffcc0b0000 - 0x00007fffcc14e000 	C:\Windows\System32\clbcatq.dll
0x00007fffc38a0000 - 0x00007fffc3a51000 	C:\Windows\System32\PROPSYS.dll
0x00007fffc9c20000 - 0x00007fffc9ce5000 	C:\Windows\System32\OLEAUT32.dll
0x00007fff87940000 - 0x00007fff879cf000 	C:\Windows\SYSTEM32\dsound.dll
0x00007fffc2080000 - 0x00007fffc20ef000 	C:\Windows\System32\MMDevApi.dll
0x00007fffc83e0000 - 0x00007fffc8407000 	C:\Windows\System32\DEVOBJ.dll
0x00007fffa5180000 - 0x00007fffa52a2000 	C:\Windows\SYSTEM32\AUDIOSES.DLL
0x00007fffc44f0000 - 0x00007fffc4626000 	C:\Windows\SYSTEM32\wintypes.dll
0x00007fffc3420000 - 0x00007fffc342a000 	C:\Windows\SYSTEM32\AVRT.dll

dbghelp: loaded successfully - version: 4.0.5 - missing functions: none
symbol engine: initialized successfully - sym options: 0x614 - pdb path: .;C:\Program Files\Eclipse Adoptium\jdk-11.0.15.10-hotspot\bin;C:\Windows\SYSTEM32;C:\Windows\WinSxS\amd64_microsoft.windows.common-controls_6595b64144ccf1df_6.0.16299.371_none_15c7d1789365a290;C:\Program Files\Eclipse Adoptium\jdk-11.0.15.10-hotspot\bin\server;C:\Users\ALUMNO\AppData\Local\Temp\libgdxalumno\12dfaa03;C:\Users\ALUMNO\AppData\Local\Temp\libgdxalumno\dc0f0009

VM Arguments:
jvm_args: -Duser.language=es_AR -Dfile.encoding=UTF-8 
java_command: org.uqbar.project.wollok.launch.WollokLauncher -requestsPort 0 -eventsPort 0 -folder -dontValidate -wf src/program.wpgm
java_class_path (initial): D:\wollokProjects\SnakeProject\bin;C:\wollok\plugins\com.ibm.icu_64.2.0.v20190507-1337.jar;C:\wollok\plugins\org.eclipse.xtext_2.20.0.v20191202-0915.jar;C:\wollok\plugins\org.eclipse.emf.ecore.xmi_2.16.0.v20190528-0725.jar;C:\wollok\plugins\org.eclipse.emf.ecore_2.20.0.v20190920-0401.jar;C:\wollok\plugins\org.eclipse.emf.common_2.17.0.v20190920-0401.jar;C:\wollok\plugins\org.antlr.runtime_3.2.0.v201101311130.jar;C:\wollok\plugins\com.google.inject_3.0.0.v201605172100.jar;C:\wollok\plugins\org.eclipse.emf.mwe.core_1.5.1.v20191121-1148.jar;C:\wollok\plugins\org.apache.commons.cli_1.2.0.v201404270220.jar;C:\wollok\plugins\org.eclipse.emf.mwe2.runtime_2.11.1.v20191121-1148.jar;C:\wollok\plugins\org.eclipse.emf.mwe.utils_1.5.1.v20191121-1148.jar;C:\wollok\plugins\org.eclipse.xtext.util_2.20.0.v20191202-0915.jar;C:\wollok\plugins\com.google.guava_27.1.0.v20190517-1946.jar;C:\wollok\plugins\javax.inject_1.0.0.v20091030.jar;C:\wollok\plugins\org.eclipse.xtext.generator_2.20.0.v20191202-0933.jar;C:\wollok\plugins\org.eclipse.xtext.xtext.generator_2.20.0.v20191202-0915.jar;C:\wollok\plugins\org.eclipse.xtext.xbase.lib_2.20.0.v20191202-0907.jar;C:\wollok\plugins\org.eclipse.emf.codegen.ecore_2.20.0.v20191012-0918.jar;C:\wollok\plugins\org.eclipse.emf.codegen_2.19.0.v20190821-1536.jar;C:\wollok\plugins\org.eclipse.xtend_2.2.0.v201605260315.jar;C:\wollok\plugins\org.eclipse.xpand_2.2.0.v201605260315.jar;C:\wollok\plugins\org.eclipse.xtend.typesystem.emf_2.2.0.v201605260315.jar;C:\wollok\plugins\org.uqbar.project.wollok_3.0.0.jar;C:\wollok\plugins\org.eclipse.xtext.xbase_2.20.0.v20191202-0933.jar;C:\wollok\plugins\org.eclipse.xtext.common.types_2.20.0.v20191202-0933.jar;C:\wollok\plugins\org.eclipse.xtend.lib_2.20.0.v20191202-0907.jar;C:\wollok\plugins\org.eclipse.xtend.lib.macro_2.20.0.v20191202-0907.jar;C:\wollok\plugins\org.apache.commons.collections_3.2.2.v201511171945.jar;C:\wollok\plugins\org.uqbar.project.wollok.launch_3.0.0.jar;C:\wollok\works
Launcher Type: SUN_STANDARD

[Global flags]
     intx CICompilerCount                          = 3                                         {product} {ergonomic}
     uint ConcGCThreads                            = 1                                         {product} {ergonomic}
     uint G1ConcRefinementThreads                  = 4                                         {product} {ergonomic}
   size_t G1HeapRegionSize                         = 1048576                                   {product} {ergonomic}
    uintx GCDrainStackTargetSize                   = 64                                        {product} {ergonomic}
   size_t InitialHeapSize                          = 134217728                                 {product} {ergonomic}
   size_t MarkStackSize                            = 4194304                                   {product} {ergonomic}
   size_t MaxHeapSize                              = 2120220672                                {product} {ergonomic}
   size_t MaxNewSize                               = 1271922688                                {product} {ergonomic}
   size_t MinHeapDeltaBytes                        = 1048576                                   {product} {ergonomic}
    uintx NonNMethodCodeHeapSize                   = 5830732                                {pd product} {ergonomic}
    uintx NonProfiledCodeHeapSize                  = 122913754                              {pd product} {ergonomic}
    uintx ProfiledCodeHeapSize                     = 122913754                              {pd product} {ergonomic}
    uintx ReservedCodeCacheSize                    = 251658240                              {pd product} {ergonomic}
     bool SegmentedCodeCache                       = true                                      {product} {ergonomic}
     bool UseCompressedClassPointers               = true                                 {lp64_product} {ergonomic}
     bool UseCompressedOops                        = true                                 {lp64_product} {ergonomic}
     bool UseG1GC                                  = true                                      {product} {ergonomic}
     bool UseLargePagesIndividualAllocation        = false                                  {pd product} {ergonomic}

Logging:
Log output configuration:
 #0: stdout all=warning uptime,level,tags
 #1: stderr all=off uptime,level,tags

Environment Variables:
PATH=C:/Program Files/Eclipse Adoptium/jdk-11.0.15.10-hotspot/bin/client;C:/Program Files/Eclipse Adoptium/jdk-11.0.15.10-hotspot/bin;C:\Program Files\Eclipse Adoptium\jdk-11.0.15.10-hotspot\bin;C:\Program Files\Haskell\bin;C:\Program Files\Haskell Platform\7.10.3\lib\extralibs\bin;C:\Program Files\Haskell Platform\7.10.3\bin;C:\Program Files (x86)\Common Files\Oracle\Java\javapath;C:\Windows\system32;C:\Windows;C:\Windows\System32\Wbem;C:\Windows\System32\WindowsPowerShell\v1.0\;c:\matlab6p1\bin\win32;C:\Program Files\Haskell Platform\7.10.3\mingw\bin;C:\apache-maven-3.5.4\bin;C:\Program Files\nodejs\;C:\Program Files\swipl\bin;C:\Program Files\Git\cmd;C:\Program Files\dotnet\;C:\Users\ALUMNO\AppData\Local\Microsoft\WindowsApps;C:\Users\ALUMNO\AppData\Local\GitHubDesktop\bin;C:\Users\ALUMNO\AppData\Local\Programs\Microsoft VS Code\bin;C:\xampp\php;C:\Users\ALUMNO\AppData\Local\ComposerSetup\bin;C:\Users\ALUMNO\AppData\Roaming\Composer\vendor\bin;C:\ghcup\bin;C:\Users\ALUMNO\.dotnet\tools;C:\Users\ALUMNO\AppData\Local\Programs\Git LFS;C:\wollok;
USERNAME=alumno
OS=Windows_NT
PROCESSOR_IDENTIFIER=Intel64 Family 6 Model 158 Stepping 9, GenuineIntel



---------------  S Y S T E M  ---------------

OS: Windows 10 , 64 bit Build 16299 (10.0.16299.15)
OS uptime: 10 days 19:09 hours

CPU:total 4 (initial active 4) (4 cores per cpu, 1 threads per core) family 6 model 158 stepping 9 microcode 0x5e, cmov, cx8, fxsr, mmx, sse, sse2, sse3, ssse3, sse4.1, sse4.2, popcnt, avx, avx2, aes, clmul, erms, rtm, 3dnowpref, lzcnt, tsc, tscinvbit, bmi1, bmi2, adx, fma

Memory: 4k page, system-wide physical 8084M (3361M free)
TotalPageFile size 9364M (AvailPageFile size 3454M)
current process WorkingSet (physical memory assigned to process): 230M, peak: 241M
current process commit charge ("private bytes"): 290M, peak: 301M

vm_info: OpenJDK 64-Bit Server VM (11.0.15+10) for windows-amd64 JRE (11.0.15+10), built on Apr 19 2022 22:29:44 by "" with unknown MS VC++:1916

END.
